[debug] [2019-11-22T13:56:24.478Z] ----------------------------------------------------------------------
[debug] [2019-11-22T13:56:24.480Z] Command:       C:\Program Files\nodejs\node.exe C:\Users\Stefania\AppData\Roaming\npm\node_modules\firebase-tools\lib\bin\firebase.js serve
[debug] [2019-11-22T13:56:24.480Z] CLI Version:   7.8.1
[debug] [2019-11-22T13:56:24.480Z] Platform:      win32
[debug] [2019-11-22T13:56:24.480Z] Node Version:  v12.13.1
[debug] [2019-11-22T13:56:24.481Z] Time:          Fri Nov 22 2019 15:56:24 GMT+0200 (Eastern European Standard Time)
[debug] [2019-11-22T13:56:24.481Z] ----------------------------------------------------------------------
[debug] [2019-11-22T13:56:24.481Z] 
[debug] [2019-11-22T13:56:24.489Z] > command requires scopes: ["email","openid","https://www.googleapis.com/auth/cloudplatformprojects.readonly","https://www.googleapis.com/auth/firebase","https://www.googleapis.com/auth/cloud-platform"]
[debug] [2019-11-22T13:56:24.490Z] > authorizing via signed-in user
[debug] [2019-11-22T13:56:24.490Z] [iam] checking project candlemass-tw for permissions ["firebase.projects.get"]
[debug] [2019-11-22T13:56:24.492Z] >>> HTTP REQUEST POST https://cloudresourcemanager.googleapis.com/v1/projects/candlemass-tw:testIamPermissions  

[debug] [2019-11-22T13:56:25.853Z] <<< HTTP RESPONSE 200
[debug] [2019-11-22T13:56:25.859Z] >>> HTTP REQUEST GET https://firebase.googleapis.com/v1beta1/projects/candlemass-tw  
 
[debug] [2019-11-22T13:56:26.469Z] <<< HTTP RESPONSE 200
[info] 
[info] === Serving from 'C:\Users\Stefania\Desktop\candlemass-tw'...
[info] 
[debug] [2019-11-22T13:56:26.483Z] >>> HTTP REQUEST GET https://firebase.googleapis.com/v1beta1/projects/candlemass-tw/webApps/-/config  
 
[debug] [2019-11-22T13:56:27.303Z] <<< HTTP RESPONSE 200
[info] i  hosting: Serving hosting files from: candlemass-tw
[info] +  hosting: Local server: http://localhost:5000
